This file contains any messages produced by compilers while
running configure, to aid debugging if configure makes a mistake.

configure:613: checking host system type
configure:634: checking target system type
configure:652: checking build system type
configure:712: checking for a BSD compatible install
configure:769: checking for -p flag to install
configure:792: checking whether build environment is sane
configure:830: checking whether make sets ${MAKE}
configure:876: checking for working aclocal-1.4
configure:889: checking for working autoconf
configure:902: checking for working automake-1.4
configure:915: checking for working autoheader
configure:928: checking for working makeinfo
configure:1060: checking for gcc
configure:1173: checking whether the C compiler (gcc   ) works
configure:1189: gcc -o conftest     conftest.c  1>&5
configure:1215: checking whether the C compiler (gcc   ) is a cross-compiler
configure:1220: checking whether we are using GNU C
configure:1248: checking whether gcc accepts -g
configure:1281: checking how to run the C preprocessor
configure:1394: checking for c++
configure:1426: checking whether the C++ compiler (g++  -O0 -g3 -Wall  ) works
configure:1447: rm -rf SunWS_cache; g++ -o conftest  -O0 -g3 -Wall    conftest.C  1>&5
configure:1473: checking whether the C++ compiler (g++  -O0 -g3 -Wall  ) is a cross-compiler
configure:1478: checking whether we are using GNU C++
configure:1506: checking whether g++ accepts -g
configure:1551: checking whether g++ supports -fno-builtin
configure:1610: checking whether g++ supports -Woverloaded-virtual
configure:1755: checking whether g++ supports -Wundef
configure:1813: checking whether g++ supports -Wbad-function-cast
configure:1871: checking whether g++ supports -Wno-long-long
configure:1929: checking whether g++ supports -Wnon-virtual-dtor
configure:1995: checking whether g++ supports -fno-exceptions
configure:2053: checking whether g++ supports -fno-check-new
configure:2111: checking whether g++ supports -fexceptions
configure:2628: checking how to run the C++ preprocessor
configure:2731: checking whether g++ supports -frepo
configure:2987: checking for ld used by GCC
configure:3055: checking if the linker (/usr//bin/ld) is GNU ld
configure:3072: checking for /usr//bin/ld option to reload object files
configure:3084: checking for BSD-compatible nm
configure:3122: checking whether ln -s works
configure:3143: checking how to recognise dependant libraries
configure:3464: checking for ranlib
configure:3531: checking for strip
configure:3703: checking for Cygwin environment
configure:3736: checking for mingw32 environment
ltconfig:678:checking for gcc option to produce PIC
ltconfig:687:checking that gcc PIC flag  -fPIC -DPIC works.
ltconfig:749: checking if gcc static flag  works
ltconfig:780: finding the maximum length of command line arguments
ltconfig:@lineno@: result: 73729
ltconfig:883: checking if gcc supports -fno-rtti -fno-exceptions
ltconfig:884: gcc -c  -ansi -W -Wall -pedantic -Wshadow -Wpointer-arith -Wmissing-prototypes -Wwrite-strings -D_XOPEN_SOURCE=500 -D_BSD_SOURCE -g -fno-rtti -fno-exceptions -c conftest.c  conftest.c 1>&5
ltconfig:1423: checking if global_symbol_pipe works
ltconfig:1424: gcc -c  -ansi -W -Wall -pedantic -Wshadow -Wpointer-arith -Wmissing-prototypes -Wwrite-strings -D_XOPEN_SOURCE=500 -D_BSD_SOURCE -g  conftest.c 1>&5
conftest.c:5: warning: no previous prototype for `nm_test_func'
ltconfig:1427: eval "/usr//bin/nm -B conftest.o | sed -n -e 's/^.*[ 	]\([ABCDGISTW]\)[ 	][ 	]*\(\)\([_A-Za-z][_A-Za-z0-9]*\)$/\1 \2\3 \3/p' > conftest.nm"
ltconfig:1479: gcc -o conftest  -ansi -W -Wall -pedantic -Wshadow -Wpointer-arith -Wmissing-prototypes -Wwrite-strings -D_XOPEN_SOURCE=500 -D_BSD_SOURCE -g -fno-builtin   conftest.c conftstm.o 1>&5
conftest.c:6: warning: `main' is usually a function
ltconfig:1863: checking for dlfcn.h
ltconfig:1902: checking whether a program can dlopen itself
ltconfig:1976: checking whether a statically linked program can dlopen itself
g++ -E conftest.cc
ltconfig:678:checking for g++ option to produce PIC
ltconfig:687:checking that g++ PIC flag -fPIC -DPIC works.
ltconfig:697: g++ -c  -Wnon-virtual-dtor -Wno-long-long -Wbad-function-cast -Wundef -Wall -pedantic -W -Wpointer-arith -Wmissing-prototypes -Wwrite-strings -ansi -D_XOPEN_SOURCE=500 -D_BSD_SOURCE -Wcast-align -Wconversion -fno-builtin -g -g3 -Wall -fno-exceptions -fno-check-new -fPIC -DPIC -DPIC  conftest.cc 1>&5
ltconfig:749: checking if g++ static flag -static works
ltconfig:758: g++ -o conftest  -Wnon-virtual-dtor -Wno-long-long -Wbad-function-cast -Wundef -Wall -pedantic -W -Wpointer-arith -Wmissing-prototypes -Wwrite-strings -ansi -D_XOPEN_SOURCE=500 -D_BSD_SOURCE -Wcast-align -Wconversion -fno-builtin -g -g3 -Wall -fno-exceptions -fno-check-new   -static conftest.cc  1>&5
/usr//bin/ld: cannot find -lstdc++
collect2: ld returned 1 exit status
ltconfig:780: finding the maximum length of command line arguments
ltconfig:@lineno@: result: 73729
ltconfig:883: checking if g++ supports -fno-rtti -fno-exceptions
ltconfig:884: g++ -c  -Wnon-virtual-dtor -Wno-long-long -Wbad-function-cast -Wundef -Wall -pedantic -W -Wpointer-arith -Wmissing-prototypes -Wwrite-strings -ansi -D_XOPEN_SOURCE=500 -D_BSD_SOURCE -Wcast-align -Wconversion -fno-builtin -g -g3 -Wall -fno-exceptions -fno-check-new -fno-rtti -fno-exceptions -c conftest.cc  conftest.cc 1>&5
ltconfig:1423: checking if global_symbol_pipe works
ltconfig:1424: g++ -c  -Wnon-virtual-dtor -Wno-long-long -Wbad-function-cast -Wundef -Wall -pedantic -W -Wpointer-arith -Wmissing-prototypes -Wwrite-strings -ansi -D_XOPEN_SOURCE=500 -D_BSD_SOURCE -Wcast-align -Wconversion -fno-builtin -g -g3 -Wall -fno-exceptions -fno-check-new  conftest.cc 1>&5
ltconfig:1427: eval "/usr//bin/nm -B conftest.o | sed -n -e 's/^.*[ 	]\([ABCDGISTW]\)[ 	][ 	]*\(\)\([_A-Za-z][_A-Za-z0-9]*\)$/\1 \2\3 \3/p' > conftest.nm"
ltconfig:1479: g++ -o conftest  -Wnon-virtual-dtor -Wno-long-long -Wbad-function-cast -Wundef -Wall -pedantic -W -Wpointer-arith -Wmissing-prototypes -Wwrite-strings -ansi -D_XOPEN_SOURCE=500 -D_BSD_SOURCE -Wcast-align -Wconversion -fno-builtin -g -g3 -Wall -fno-exceptions -fno-check-new -fno-builtin -fno-rtti -fno-exceptions   conftest.cc conftstm.o 1>&5
ltconfig:1863: checking for dlfcn.h
ltconfig:1902: checking whether a program can dlopen itself
ltconfig:1976: checking whether a statically linked program can dlopen itself
configure:3883: checking for object suffix
configure:3909: checking for executable suffix
configure:4051: checking for extra includes
configure:4082: checking for extra libs
configure:4141: checking if gemrb should be compiled
